<?xml version="1.0" encoding="UTF-8"?>
<coverage generated="1633098232932" clover="3.2.0">
  <project timestamp="1633098232933" name="All files">
    <metrics statements="27" coveredstatements="27" conditionals="48" coveredconditionals="44" methods="4" coveredmethods="4" elements="79" coveredelements="75" complexity="0" loc="27" ncloc="27" packages="1" files="4" classes="4"/>
    <file name="add.js" path="C:\Users\madhu\VS_Code_Workspace\Calculater\src\add.js">
      <metrics statements="6" coveredstatements="6" conditionals="10" coveredconditionals="9" methods="1" coveredmethods="1"/>
      <line num="18" count="7" type="stmt"/>
      <line num="19" count="7" type="cond" truecount="5" falsecount="1"/>
      <line num="21" count="6" type="cond" truecount="4" falsecount="0"/>
      <line num="22" count="2" type="stmt"/>
      <line num="24" count="5" type="stmt"/>
      <line num="28" count="1" type="stmt"/>
    </file>
    <file name="division.js" path="C:\Users\madhu\VS_Code_Workspace\Calculater\src\division.js">
      <metrics statements="9" coveredstatements="9" conditionals="18" coveredconditionals="17" methods="1" coveredmethods="1"/>
      <line num="23" count="5" type="stmt"/>
      <line num="24" count="5" type="cond" truecount="4" falsecount="0"/>
      <line num="25" count="4" type="cond" truecount="6" falsecount="0"/>
      <line num="26" count="3" type="cond" truecount="4" falsecount="0"/>
      <line num="27" count="2" type="cond" truecount="2" falsecount="0"/>
      <line num="28" count="1" type="cond" truecount="1" falsecount="1"/>
      <line num="29" count="1" type="stmt"/>
      <line num="31" count="4" type="stmt"/>
      <line num="35" count="1" type="stmt"/>
    </file>
    <file name="multiple.js" path="C:\Users\madhu\VS_Code_Workspace\Calculater\src\multiple.js">
      <metrics statements="6" coveredstatements="6" conditionals="10" coveredconditionals="9" methods="1" coveredmethods="1"/>
      <line num="19" count="3" type="stmt"/>
      <line num="20" count="3" type="cond" truecount="5" falsecount="1"/>
      <line num="22" count="2" type="cond" truecount="4" falsecount="0"/>
      <line num="23" count="1" type="stmt"/>
      <line num="25" count="2" type="stmt"/>
      <line num="29" count="1" type="stmt"/>
    </file>
    <file name="subtract.js" path="C:\Users\madhu\VS_Code_Workspace\Calculater\src\subtract.js">
      <metrics statements="6" coveredstatements="6" conditionals="10" coveredconditionals="9" methods="1" coveredmethods="1"/>
      <line num="19" count="4" type="stmt"/>
      <line num="20" count="4" type="cond" truecount="5" falsecount="1"/>
      <line num="22" count="3" type="cond" truecount="4" falsecount="0"/>
      <line num="23" count="2" type="stmt"/>
      <line num="25" count="2" type="stmt"/>
      <line num="29" count="1" type="stmt"/>
    </file>
  </project>
</coverage>
