{"C:\\Users\\madhu\\VS_Code_Workspace\\Calculater\\src\\add.js": {"path":"C:\\Users\\madhu\\VS_Code_Workspace\\Calculater\\src\\add.js","statementMap":{"0":{"start":{"line":18,"column":4},"end":{"line":25,"column":5}},"1":{"start":{"line":19,"column":8},"end":{"line":19,"column":159}},"2":{"start":{"line":19,"column":118},"end":{"line":19,"column":159}},"3":{"start":{"line":21,"column":8},"end":{"line":21,"column":104}},"4":{"start":{"line":21,"column":55},"end":{"line":21,"column":104}},"5":{"start":{"line":22,"column":8},"end":{"line":22,"column":42}},"6":{"start":{"line":24,"column":8},"end":{"line":24,"column":20}},"7":{"start":{"line":28,"column":0},"end":{"line":28,"column":21}}},"fnMap":{"0":{"name":"add","decl":{"start":{"line":16,"column":9},"end":{"line":16,"column":12}},"loc":{"start":{"line":16,"column":40},"end":{"line":26,"column":1}},"line":16}},"branchMap":{"0":{"loc":{"start":{"line":19,"column":8},"end":{"line":19,"column":159}},"type":"if","locations":[{"start":{"line":19,"column":8},"end":{"line":19,"column":159}},{"start":{"line":19,"column":8},"end":{"line":19,"column":159}}],"line":19},"1":{"loc":{"start":{"line":19,"column":12},"end":{"line":19,"column":116}},"type":"binary-expr","locations":[{"start":{"line":19,"column":13},"end":{"line":19,"column":25}},{"start":{"line":19,"column":29},"end":{"line":19,"column":60}},{"start":{"line":19,"column":66},"end":{"line":19,"column":79}},{"start":{"line":19,"column":83},"end":{"line":19,"column":115}}],"line":19},"2":{"loc":{"start":{"line":21,"column":8},"end":{"line":21,"column":104}},"type":"if","locations":[{"start":{"line":21,"column":8},"end":{"line":21,"column":104}},{"start":{"line":21,"column":8},"end":{"line":21,"column":104}}],"line":21},"3":{"loc":{"start":{"line":21,"column":12},"end":{"line":21,"column":53}},"type":"binary-expr","locations":[{"start":{"line":21,"column":12},"end":{"line":21,"column":30}},{"start":{"line":21,"column":34},"end":{"line":21,"column":53}}],"line":21}},"s":{"0":7,"1":7,"2":1,"3":6,"4":4,"5":2,"6":5,"7":1},"f":{"0":7},"b":{"0":[1,6],"1":[7,1,6,0],"2":[4,2],"3":[6,2]},"_coverageSchema":"1a1c01bbd47fc00a2c39e90264f33305004495a9","hash":"b311b69ebc3cdc94f2cb5c1e1283229a5bd40357"}
,"C:\\Users\\madhu\\VS_Code_Workspace\\Calculater\\src\\division.js": {"path":"C:\\Users\\madhu\\VS_Code_Workspace\\Calculater\\src\\division.js","statementMap":{"0":{"start":{"line":23,"column":4},"end":{"line":32,"column":5}},"1":{"start":{"line":24,"column":8},"end":{"line":24,"column":82}},"2":{"start":{"line":24,"column":53},"end":{"line":24,"column":82}},"3":{"start":{"line":25,"column":8},"end":{"line":25,"column":159}},"4":{"start":{"line":25,"column":118},"end":{"line":25,"column":159}},"5":{"start":{"line":26,"column":8},"end":{"line":26,"column":104}},"6":{"start":{"line":26,"column":55},"end":{"line":26,"column":104}},"7":{"start":{"line":27,"column":8},"end":{"line":27,"column":75}},"8":{"start":{"line":27,"column":37},"end":{"line":27,"column":75}},"9":{"start":{"line":28,"column":8},"end":{"line":28,"column":45}},"10":{"start":{"line":28,"column":36},"end":{"line":28,"column":45}},"11":{"start":{"line":29,"column":8},"end":{"line":29,"column":42}},"12":{"start":{"line":31,"column":8},"end":{"line":31,"column":20}},"13":{"start":{"line":35,"column":0},"end":{"line":35,"column":26}}},"fnMap":{"0":{"name":"division","decl":{"start":{"line":21,"column":9},"end":{"line":21,"column":17}},"loc":{"start":{"line":21,"column":45},"end":{"line":33,"column":1}},"line":21}},"branchMap":{"0":{"loc":{"start":{"line":24,"column":8},"end":{"line":24,"column":82}},"type":"if","locations":[{"start":{"line":24,"column":8},"end":{"line":24,"column":82}},{"start":{"line":24,"column":8},"end":{"line":24,"column":82}}],"line":24},"1":{"loc":{"start":{"line":24,"column":12},"end":{"line":24,"column":51}},"type":"binary-expr","locations":[{"start":{"line":24,"column":12},"end":{"line":24,"column":29}},{"start":{"line":24,"column":33},"end":{"line":24,"column":51}}],"line":24},"2":{"loc":{"start":{"line":25,"column":8},"end":{"line":25,"column":159}},"type":"if","locations":[{"start":{"line":25,"column":8},"end":{"line":25,"column":159}},{"start":{"line":25,"column":8},"end":{"line":25,"column":159}}],"line":25},"3":{"loc":{"start":{"line":25,"column":12},"end":{"line":25,"column":116}},"type":"binary-expr","locations":[{"start":{"line":25,"column":13},"end":{"line":25,"column":25}},{"start":{"line":25,"column":29},"end":{"line":25,"column":60}},{"start":{"line":25,"column":66},"end":{"line":25,"column":79}},{"start":{"line":25,"column":83},"end":{"line":25,"column":115}}],"line":25},"4":{"loc":{"start":{"line":26,"column":8},"end":{"line":26,"column":104}},"type":"if","locations":[{"start":{"line":26,"column":8},"end":{"line":26,"column":104}},{"start":{"line":26,"column":8},"end":{"line":26,"column":104}}],"line":26},"5":{"loc":{"start":{"line":26,"column":12},"end":{"line":26,"column":53}},"type":"binary-expr","locations":[{"start":{"line":26,"column":12},"end":{"line":26,"column":30}},{"start":{"line":26,"column":34},"end":{"line":26,"column":53}}],"line":26},"6":{"loc":{"start":{"line":27,"column":8},"end":{"line":27,"column":75}},"type":"if","locations":[{"start":{"line":27,"column":8},"end":{"line":27,"column":75}},{"start":{"line":27,"column":8},"end":{"line":27,"column":75}}],"line":27},"7":{"loc":{"start":{"line":28,"column":8},"end":{"line":28,"column":45}},"type":"if","locations":[{"start":{"line":28,"column":8},"end":{"line":28,"column":45}},{"start":{"line":28,"column":8},"end":{"line":28,"column":45}}],"line":28}},"s":{"0":5,"1":5,"2":1,"3":4,"4":1,"5":3,"6":1,"7":2,"8":1,"9":1,"10":0,"11":1,"12":4,"13":1},"f":{"0":5},"b":{"0":[1,4],"1":[5,1],"2":[1,3],"3":[4,1,3,1],"4":[1,2],"5":[3,3],"6":[1,1],"7":[0,1]},"_coverageSchema":"1a1c01bbd47fc00a2c39e90264f33305004495a9","hash":"224c4adb209441f2b466499e9e6c99ed06ad1957"}
,"C:\\Users\\madhu\\VS_Code_Workspace\\Calculater\\src\\multiple.js": {"path":"C:\\Users\\madhu\\VS_Code_Workspace\\Calculater\\src\\multiple.js","statementMap":{"0":{"start":{"line":19,"column":4},"end":{"line":26,"column":5}},"1":{"start":{"line":20,"column":8},"end":{"line":20,"column":159}},"2":{"start":{"line":20,"column":118},"end":{"line":20,"column":159}},"3":{"start":{"line":22,"column":8},"end":{"line":22,"column":104}},"4":{"start":{"line":22,"column":55},"end":{"line":22,"column":104}},"5":{"start":{"line":23,"column":8},"end":{"line":23,"column":42}},"6":{"start":{"line":25,"column":8},"end":{"line":25,"column":20}},"7":{"start":{"line":29,"column":0},"end":{"line":29,"column":26}}},"fnMap":{"0":{"name":"multiple","decl":{"start":{"line":18,"column":9},"end":{"line":18,"column":17}},"loc":{"start":{"line":18,"column":45},"end":{"line":27,"column":1}},"line":18}},"branchMap":{"0":{"loc":{"start":{"line":20,"column":8},"end":{"line":20,"column":159}},"type":"if","locations":[{"start":{"line":20,"column":8},"end":{"line":20,"column":159}},{"start":{"line":20,"column":8},"end":{"line":20,"column":159}}],"line":20},"1":{"loc":{"start":{"line":20,"column":12},"end":{"line":20,"column":116}},"type":"binary-expr","locations":[{"start":{"line":20,"column":13},"end":{"line":20,"column":25}},{"start":{"line":20,"column":29},"end":{"line":20,"column":60}},{"start":{"line":20,"column":66},"end":{"line":20,"column":79}},{"start":{"line":20,"column":83},"end":{"line":20,"column":115}}],"line":20},"2":{"loc":{"start":{"line":22,"column":8},"end":{"line":22,"column":104}},"type":"if","locations":[{"start":{"line":22,"column":8},"end":{"line":22,"column":104}},{"start":{"line":22,"column":8},"end":{"line":22,"column":104}}],"line":22},"3":{"loc":{"start":{"line":22,"column":12},"end":{"line":22,"column":53}},"type":"binary-expr","locations":[{"start":{"line":22,"column":12},"end":{"line":22,"column":30}},{"start":{"line":22,"column":34},"end":{"line":22,"column":53}}],"line":22}},"s":{"0":3,"1":3,"2":1,"3":2,"4":1,"5":1,"6":2,"7":1},"f":{"0":3},"b":{"0":[1,2],"1":[3,1,2,0],"2":[1,1],"3":[2,2]},"_coverageSchema":"1a1c01bbd47fc00a2c39e90264f33305004495a9","hash":"0e78f79f49636742780055692c17da9f4fd4e2aa"}
,"C:\\Users\\madhu\\VS_Code_Workspace\\Calculater\\src\\subtract.js": {"path":"C:\\Users\\madhu\\VS_Code_Workspace\\Calculater\\src\\subtract.js","statementMap":{"0":{"start":{"line":19,"column":4},"end":{"line":26,"column":5}},"1":{"start":{"line":20,"column":8},"end":{"line":20,"column":159}},"2":{"start":{"line":20,"column":118},"end":{"line":20,"column":159}},"3":{"start":{"line":22,"column":8},"end":{"line":22,"column":104}},"4":{"start":{"line":22,"column":55},"end":{"line":22,"column":104}},"5":{"start":{"line":23,"column":8},"end":{"line":23,"column":42}},"6":{"start":{"line":25,"column":8},"end":{"line":25,"column":20}},"7":{"start":{"line":29,"column":0},"end":{"line":29,"column":26}}},"fnMap":{"0":{"name":"subtract","decl":{"start":{"line":18,"column":9},"end":{"line":18,"column":17}},"loc":{"start":{"line":18,"column":45},"end":{"line":27,"column":1}},"line":18}},"branchMap":{"0":{"loc":{"start":{"line":20,"column":8},"end":{"line":20,"column":159}},"type":"if","locations":[{"start":{"line":20,"column":8},"end":{"line":20,"column":159}},{"start":{"line":20,"column":8},"end":{"line":20,"column":159}}],"line":20},"1":{"loc":{"start":{"line":20,"column":12},"end":{"line":20,"column":116}},"type":"binary-expr","locations":[{"start":{"line":20,"column":13},"end":{"line":20,"column":25}},{"start":{"line":20,"column":29},"end":{"line":20,"column":60}},{"start":{"line":20,"column":66},"end":{"line":20,"column":79}},{"start":{"line":20,"column":83},"end":{"line":20,"column":115}}],"line":20},"2":{"loc":{"start":{"line":22,"column":8},"end":{"line":22,"column":104}},"type":"if","locations":[{"start":{"line":22,"column":8},"end":{"line":22,"column":104}},{"start":{"line":22,"column":8},"end":{"line":22,"column":104}}],"line":22},"3":{"loc":{"start":{"line":22,"column":12},"end":{"line":22,"column":53}},"type":"binary-expr","locations":[{"start":{"line":22,"column":12},"end":{"line":22,"column":30}},{"start":{"line":22,"column":34},"end":{"line":22,"column":53}}],"line":22}},"s":{"0":4,"1":4,"2":1,"3":3,"4":1,"5":2,"6":2,"7":1},"f":{"0":4},"b":{"0":[1,3],"1":[4,1,3,0],"2":[1,2],"3":[3,3]},"_coverageSchema":"1a1c01bbd47fc00a2c39e90264f33305004495a9","hash":"030ffa5dd5f458dbb63395e752b6cae6477bb9f3"}
}
