TN:
SF:src\add.js
FN:16,add
FNF:1
FNH:1
FNDA:7,add
DA:18,7
DA:19,7
DA:21,6
DA:22,2
DA:24,5
DA:28,1
LF:6
LH:6
BRDA:19,0,0,1
BRDA:19,0,1,6
BRDA:19,1,0,7
BRDA:19,1,1,1
BRDA:19,1,2,6
BRDA:19,1,3,0
BRDA:21,2,0,4
BRDA:21,2,1,2
BRDA:21,3,0,6
BRDA:21,3,1,2
BRF:10
BRH:9
end_of_record
TN:
SF:src\division.js
FN:21,division
FNF:1
FNH:1
FNDA:5,division
DA:23,5
DA:24,5
DA:25,4
DA:26,3
DA:27,2
DA:28,1
DA:29,1
DA:31,4
DA:35,1
LF:9
LH:9
BRDA:24,0,0,1
BRDA:24,0,1,4
BRDA:24,1,0,5
BRDA:24,1,1,1
BRDA:25,2,0,1
BRDA:25,2,1,3
BRDA:25,3,0,4
BRDA:25,3,1,1
BRDA:25,3,2,3
BRDA:25,3,3,1
BRDA:26,4,0,1
BRDA:26,4,1,2
BRDA:26,5,0,3
BRDA:26,5,1,3
BRDA:27,6,0,1
BRDA:27,6,1,1
BRDA:28,7,0,0
BRDA:28,7,1,1
BRF:18
BRH:17
end_of_record
TN:
SF:src\multiple.js
FN:18,multiple
FNF:1
FNH:1
FNDA:3,multiple
DA:19,3
DA:20,3
DA:22,2
DA:23,1
DA:25,2
DA:29,1
LF:6
LH:6
BRDA:20,0,0,1
BRDA:20,0,1,2
BRDA:20,1,0,3
BRDA:20,1,1,1
BRDA:20,1,2,2
BRDA:20,1,3,0
BRDA:22,2,0,1
BRDA:22,2,1,1
BRDA:22,3,0,2
BRDA:22,3,1,2
BRF:10
BRH:9
end_of_record
TN:
SF:src\subtract.js
FN:18,subtract
FNF:1
FNH:1
FNDA:4,subtract
DA:19,4
DA:20,4
DA:22,3
DA:23,2
DA:25,2
DA:29,1
LF:6
LH:6
BRDA:20,0,0,1
BRDA:20,0,1,3
BRDA:20,1,0,4
BRDA:20,1,1,1
BRDA:20,1,2,3
BRDA:20,1,3,0
BRDA:22,2,0,1
BRDA:22,2,1,2
BRDA:22,3,0,3
BRDA:22,3,1,3
BRF:10
BRH:9
end_of_record
